<?xml version="1.0" encoding="UTF-8"?>
<!-- Generated by org.testng.reporters.JUnitXMLReporter -->
<testsuite ignored="0" hostname="Maria" failures="2" tests="2" name="Test" time="12.943" errors="0" timestamp="29 Oct 2024 15:51:00 GMT">
  <testcase classname="test.SauceDemoLoginTest" name="loginTest" time="8.415">
    <failure type="java.lang.AssertionError" message="expected [Products] but found [PRODUCTS]">
      <![CDATA[java.lang.AssertionError: expected [Products] but found [PRODUCTS]
	at test.SauceDemoLoginTest.loginTest(SauceDemoLoginTest.java:33)
... Removed 29 stack frames]]>
    </failure>
  </testcase> <!-- loginTest -->
  <testcase classname="test.SauceDemoLoginTest" name="loginTest" time="3.425">
    <failure type="java.lang.AssertionError" message="expected [Products] but found [PRODUCTS]">
      <![CDATA[java.lang.AssertionError: expected [Products] but found [PRODUCTS]
	at test.SauceDemoLoginTest.loginTest(SauceDemoLoginTest.java:33)
... Removed 29 stack frames]]>
    </failure>
  </testcase> <!-- loginTest -->
</testsuite> <!-- Test -->
